<?xml version="1.0" encoding="UTF-8"?>
<testng-results ignored="0" total="5" passed="4" failed="1" skipped="0">
  <reporter-output>
  </reporter-output>
  <suite started-at="2025-07-23T23:49:16 EDT" name="EcommerceApp Test Suite" finished-at="2025-07-23T23:50:23 EDT" duration-ms="66739">
    <groups>
      <group name="Smoke">
        <method signature="PurchaseOrderFlowTest.EndToEndOrderFlowTest(java.util.HashMap)[pri:0, instance:org.latiffsyed.tests.android.PurchaseOrderFlowTest@792b749c]" name="EndToEndOrderFlowTest" class="org.latiffsyed.tests.android.PurchaseOrderFlowTest"/>
        <method signature="AlertViewMessageValidationTest.ValidateiOSAlertMessageTest()[pri:0, instance:org.latiffsyed.tests.iOS.AlertViewMessageValidationTest@30f842ca]" name="ValidateiOSAlertMessageTest" class="org.latiffsyed.tests.iOS.AlertViewMessageValidationTest"/>
      </group> <!-- Smoke -->
    </groups>
    <test started-at="2025-07-23T23:49:16 EDT" name="E2E Purchase Flow Test" finished-at="2025-07-23T23:49:37 EDT" duration-ms="21355">
      <class name="org.latiffsyed.tests.android.PurchaseOrderFlowTest">
        <test-method is-config="true" signature="configureAppium()[pri:0, instance:org.latiffsyed.tests.android.PurchaseOrderFlowTest@792b749c]" started-at="2025-07-23T23:49:16 EDT" name="configureAppium" finished-at="2025-07-23T23:49:19 EDT" duration-ms="3484" status="PASS">
          <reporter-output>
          </reporter-output>
        </test-method> <!-- configureAppium -->
        <test-method is-config="true" signature="preSetup()[pri:0, instance:org.latiffsyed.tests.android.PurchaseOrderFlowTest@792b749c]" started-at="2025-07-23T23:49:19 EDT" name="preSetup" finished-at="2025-07-23T23:49:20 EDT" duration-ms="33" status="PASS">
          <reporter-output>
          </reporter-output>
        </test-method> <!-- preSetup -->
        <test-method signature="EndToEndOrderFlowTest(java.util.HashMap)[pri:0, instance:org.latiffsyed.tests.android.PurchaseOrderFlowTest@792b749c]" started-at="2025-07-23T23:49:20 EDT" name="EndToEndOrderFlowTest" data-provider="getData" finished-at="2025-07-23T23:49:37 EDT" duration-ms="17578" status="PASS">
          <params>
            <param index="0">
              <value>
                <![CDATA[{gender=Female, name=Nadu Syed, country=Australia}]]>
              </value>
            </param>
          </params>
          <reporter-output>
          </reporter-output>
        </test-method> <!-- EndToEndOrderFlowTest -->
        <test-method is-config="true" signature="tearDown()[pri:0, instance:org.latiffsyed.tests.android.PurchaseOrderFlowTest@792b749c]" started-at="2025-07-23T23:49:37 EDT" name="tearDown" finished-at="2025-07-23T23:49:37 EDT" duration-ms="190" status="PASS">
          <reporter-output>
          </reporter-output>
        </test-method> <!-- tearDown -->
      </class> <!-- org.latiffsyed.tests.android.PurchaseOrderFlowTest -->
    </test> <!-- E2E Purchase Flow Test -->
    <test started-at="2025-07-23T23:49:37 EDT" name="Login Negative and Positive Tests" finished-at="2025-07-23T23:50:12 EDT" duration-ms="34939">
      <class name="org.latiffsyed.tests.android.LoginFormValidationTest">
        <test-method is-config="true" signature="configureAppium()[pri:0, instance:org.latiffsyed.tests.android.LoginFormValidationTest@5c7933ad]" started-at="2025-07-23T23:49:37 EDT" name="configureAppium" finished-at="2025-07-23T23:49:41 EDT" duration-ms="3483" status="PASS">
          <reporter-output>
          </reporter-output>
        </test-method> <!-- configureAppium -->
        <test-method is-config="true" signature="preSetup()[pri:0, instance:org.latiffsyed.tests.android.LoginFormValidationTest@5c7933ad]" started-at="2025-07-23T23:49:41 EDT" name="preSetup" finished-at="2025-07-23T23:49:41 EDT" duration-ms="25" status="PASS">
          <reporter-output>
          </reporter-output>
        </test-method> <!-- preSetup -->
        <test-method signature="FormLogin_ErrorValidationFailedTest()[pri:0, instance:org.latiffsyed.tests.android.LoginFormValidationTest@5c7933ad]" started-at="2025-07-23T23:49:41 EDT" name="FormLogin_ErrorValidationFailedTest" finished-at="2025-07-23T23:49:52 EDT" duration-ms="11469" status="FAIL">
          <exception class="java.lang.AssertionError">
            <message>
              <![CDATA[expected:<Please enter your name> but was:<Please your name>]]>
            </message>
            <full-stacktrace>
              <![CDATA[java.lang.AssertionError: expected:<Please enter your name> but was:<Please your name>
at org.testng.AssertJUnit.assertEquals(AssertJUnit.java:115)
at org.testng.AssertJUnit.assertEquals(AssertJUnit.java:125)
at org.latiffsyed.tests.android.LoginFormValidationTest.FormLogin_ErrorValidationFailedTest(LoginFormValidationTest.java:70)
at java.base/jdk.internal.reflect.DirectMethodHandleAccessor.invoke(DirectMethodHandleAccessor.java:103)
at java.base/java.lang.reflect.Method.invoke(Method.java:580)
at org.testng.internal.invokers.MethodInvocationHelper.invokeMethod(MethodInvocationHelper.java:141)
at org.testng.internal.invokers.TestInvoker.invokeMethod(TestInvoker.java:686)
at org.testng.internal.invokers.TestInvoker.invokeTestMethod(TestInvoker.java:230)
at org.testng.internal.invokers.MethodRunner.runInSequence(MethodRunner.java:63)
at org.testng.internal.invokers.TestInvoker$MethodInvocationAgent.invoke(TestInvoker.java:992)
at org.testng.internal.invokers.TestInvoker.invokeTestMethods(TestInvoker.java:203)
at org.testng.internal.invokers.TestMethodWorker.invokeTestMethods(TestMethodWorker.java:154)
at org.testng.internal.invokers.TestMethodWorker.run(TestMethodWorker.java:134)
at java.base/java.util.ArrayList.forEach(ArrayList.java:1596)
at org.testng.TestRunner.privateRun(TestRunner.java:739)
at org.testng.TestRunner.run(TestRunner.java:614)
at org.testng.SuiteRunner.runTest(SuiteRunner.java:421)
at org.testng.SuiteRunner.runSequentially(SuiteRunner.java:413)
at org.testng.SuiteRunner.privateRun(SuiteRunner.java:373)
at org.testng.SuiteRunner.run(SuiteRunner.java:312)
at org.testng.SuiteRunnerWorker.runSuite(SuiteRunnerWorker.java:52)
at org.testng.SuiteRunnerWorker.run(SuiteRunnerWorker.java:95)
at org.testng.TestNG.runSuitesSequentially(TestNG.java:1274)
at org.testng.TestNG.runSuitesLocally(TestNG.java:1208)
at org.testng.TestNG.runSuites(TestNG.java:1112)
at org.testng.TestNG.run(TestNG.java:1079)
at org.apache.maven.surefire.testng.TestNGExecutor.run(TestNGExecutor.java:308)
at org.apache.maven.surefire.testng.TestNGXmlTestSuite.execute(TestNGXmlTestSuite.java:71)
at org.apache.maven.surefire.testng.TestNGProvider.invoke(TestNGProvider.java:113)
at org.apache.maven.surefire.booter.ForkedBooter.runSuitesInProcess(ForkedBooter.java:385)
at org.apache.maven.surefire.booter.ForkedBooter.execute(ForkedBooter.java:162)
at org.apache.maven.surefire.booter.ForkedBooter.run(ForkedBooter.java:507)
at org.apache.maven.surefire.booter.ForkedBooter.main(ForkedBooter.java:495)
]]>
            </full-stacktrace>
          </exception> <!-- java.lang.AssertionError -->
          <reporter-output>
          </reporter-output>
        </test-method> <!-- FormLogin_ErrorValidationFailedTest -->
        <test-method is-config="true" signature="preSetup()[pri:0, instance:org.latiffsyed.tests.android.LoginFormValidationTest@5c7933ad]" started-at="2025-07-23T23:49:53 EDT" name="preSetup" finished-at="2025-07-23T23:49:53 EDT" duration-ms="22" status="PASS">
          <reporter-output>
          </reporter-output>
        </test-method> <!-- preSetup -->
        <test-method signature="FormLogin_ErrorValidationTest()[pri:0, instance:org.latiffsyed.tests.android.LoginFormValidationTest@5c7933ad]" started-at="2025-07-23T23:49:53 EDT" name="FormLogin_ErrorValidationTest" finished-at="2025-07-23T23:49:58 EDT" duration-ms="5562" status="PASS">
          <reporter-output>
          </reporter-output>
        </test-method> <!-- FormLogin_ErrorValidationTest -->
        <test-method is-config="true" signature="preSetup()[pri:0, instance:org.latiffsyed.tests.android.LoginFormValidationTest@5c7933ad]" started-at="2025-07-23T23:49:58 EDT" name="preSetup" finished-at="2025-07-23T23:49:58 EDT" duration-ms="43" status="PASS">
          <reporter-output>
          </reporter-output>
        </test-method> <!-- preSetup -->
        <test-method signature="FormLogin_PositiveFlowTest()[pri:0, instance:org.latiffsyed.tests.android.LoginFormValidationTest@5c7933ad]" started-at="2025-07-23T23:49:58 EDT" name="FormLogin_PositiveFlowTest" finished-at="2025-07-23T23:50:12 EDT" duration-ms="13864" status="PASS">
          <reporter-output>
          </reporter-output>
        </test-method> <!-- FormLogin_PositiveFlowTest -->
        <test-method is-config="true" signature="tearDown()[pri:0, instance:org.latiffsyed.tests.android.LoginFormValidationTest@5c7933ad]" started-at="2025-07-23T23:50:12 EDT" name="tearDown" finished-at="2025-07-23T23:50:12 EDT" duration-ms="203" status="PASS">
          <reporter-output>
          </reporter-output>
        </test-method> <!-- tearDown -->
      </class> <!-- org.latiffsyed.tests.android.LoginFormValidationTest -->
    </test> <!-- Login Negative and Positive Tests -->
    <test started-at="2025-07-23T23:50:12 EDT" name=" iOS Alert Handling Test" finished-at="2025-07-23T23:50:23 EDT" duration-ms="10347">
      <class name="org.latiffsyed.tests.iOS.AlertViewMessageValidationTest">
        <test-method is-config="true" signature="configureAppium()[pri:0, instance:org.latiffsyed.tests.iOS.AlertViewMessageValidationTest@30f842ca]" started-at="2025-07-23T23:50:12 EDT" name="configureAppium" finished-at="2025-07-23T23:50:17 EDT" duration-ms="4317" status="PASS">
          <reporter-output>
          </reporter-output>
        </test-method> <!-- configureAppium -->
        <test-method signature="ValidateiOSAlertMessageTest()[pri:0, instance:org.latiffsyed.tests.iOS.AlertViewMessageValidationTest@30f842ca]" started-at="2025-07-23T23:50:17 EDT" name="ValidateiOSAlertMessageTest" finished-at="2025-07-23T23:50:22 EDT" duration-ms="4986" status="PASS">
          <reporter-output>
          </reporter-output>
        </test-method> <!-- ValidateiOSAlertMessageTest -->
        <test-method is-config="true" signature="tearDown()[pri:0, instance:org.latiffsyed.tests.iOS.AlertViewMessageValidationTest@30f842ca]" started-at="2025-07-23T23:50:22 EDT" name="tearDown" finished-at="2025-07-23T23:50:23 EDT" duration-ms="1043" status="PASS">
          <reporter-output>
          </reporter-output>
        </test-method> <!-- tearDown -->
      </class> <!-- org.latiffsyed.tests.iOS.AlertViewMessageValidationTest -->
    </test> <!--  iOS Alert Handling Test -->
  </suite> <!-- EcommerceApp Test Suite -->
</testng-results>
