<?xml version="1.0" encoding="UTF-8"?>
<testng-results ignored="0" total="5" passed="4" failed="1" skipped="0">
  <reporter-output>
  </reporter-output>
  <suite started-at="2025-07-22T16:53:46 EDT" name="EcommerceApp Test Suite" finished-at="2025-07-22T16:54:52 EDT" duration-ms="66650">
    <groups>
      <group name="Smoke">
        <method signature="PurchaseOrderFlowTest.EndToEndOrderFlowTest(java.util.HashMap)[pri:0, instance:org.latiffsyed.tests.android.PurchaseOrderFlowTest@2fb0623e]" name="EndToEndOrderFlowTest" class="org.latiffsyed.tests.android.PurchaseOrderFlowTest"/>
      </group> <!-- Smoke -->
    </groups>
    <test started-at="2025-07-22T16:53:46 EDT" name="E2E Purchase Flow Test" finished-at="2025-07-22T16:54:08 EDT" duration-ms="22187">
      <class name="org.latiffsyed.tests.android.PurchaseOrderFlowTest">
        <test-method is-config="true" signature="configureAppium()[pri:0, instance:org.latiffsyed.tests.android.PurchaseOrderFlowTest@2fb0623e]" started-at="2025-07-22T16:53:46 EDT" name="configureAppium" finished-at="2025-07-22T16:53:50 EDT" duration-ms="4354" status="PASS">
          <reporter-output>
          </reporter-output>
        </test-method> <!-- configureAppium -->
        <test-method is-config="true" signature="preSetup()[pri:0, instance:org.latiffsyed.tests.android.PurchaseOrderFlowTest@2fb0623e]" started-at="2025-07-22T16:53:50 EDT" name="preSetup" finished-at="2025-07-22T16:53:50 EDT" duration-ms="60" status="PASS">
          <reporter-output>
          </reporter-output>
        </test-method> <!-- preSetup -->
        <test-method signature="EndToEndOrderFlowTest(java.util.HashMap)[pri:0, instance:org.latiffsyed.tests.android.PurchaseOrderFlowTest@2fb0623e]" started-at="2025-07-22T16:53:50 EDT" name="EndToEndOrderFlowTest" data-provider="getData" finished-at="2025-07-22T16:54:08 EDT" duration-ms="17283" status="PASS">
          <params>
            <param index="0">
              <value>
                <![CDATA[{gender=Female, name=Nadu Syed, country=Australia}]]>
              </value>
            </param>
          </params>
          <reporter-output>
          </reporter-output>
        </test-method> <!-- EndToEndOrderFlowTest -->
        <test-method is-config="true" signature="tearDown()[pri:0, instance:org.latiffsyed.tests.android.PurchaseOrderFlowTest@2fb0623e]" started-at="2025-07-22T16:54:08 EDT" name="tearDown" finished-at="2025-07-22T16:54:08 EDT" duration-ms="293" status="PASS">
          <reporter-output>
          </reporter-output>
        </test-method> <!-- tearDown -->
      </class> <!-- org.latiffsyed.tests.android.PurchaseOrderFlowTest -->
    </test> <!-- E2E Purchase Flow Test -->
    <test started-at="2025-07-22T16:54:08 EDT" name="Login Negative and Positive Tests" finished-at="2025-07-22T16:54:41 EDT" duration-ms="33139">
      <class name="org.latiffsyed.tests.android.LoginFormValidationTest">
        <test-method is-config="true" signature="configureAppium()[pri:0, instance:org.latiffsyed.tests.android.LoginFormValidationTest@638ef7ed]" started-at="2025-07-22T16:54:08 EDT" name="configureAppium" finished-at="2025-07-22T16:54:11 EDT" duration-ms="2292" status="PASS">
          <reporter-output>
          </reporter-output>
        </test-method> <!-- configureAppium -->
        <test-method is-config="true" signature="preSetup()[pri:0, instance:org.latiffsyed.tests.android.LoginFormValidationTest@638ef7ed]" started-at="2025-07-22T16:54:11 EDT" name="preSetup" finished-at="2025-07-22T16:54:11 EDT" duration-ms="45" status="PASS">
          <reporter-output>
          </reporter-output>
        </test-method> <!-- preSetup -->
        <test-method signature="FormLogin_ErrorValidationFailedTest()[pri:0, instance:org.latiffsyed.tests.android.LoginFormValidationTest@638ef7ed]" started-at="2025-07-22T16:54:11 EDT" name="FormLogin_ErrorValidationFailedTest" finished-at="2025-07-22T16:54:22 EDT" duration-ms="11215" status="FAIL">
          <exception class="java.lang.AssertionError">
            <message>
              <![CDATA[expected:<Please enter your name> but was:<Please your name>]]>
            </message>
            <full-stacktrace>
              <![CDATA[java.lang.AssertionError: expected:<Please enter your name> but was:<Please your name>
at org.testng.AssertJUnit.assertEquals(AssertJUnit.java:115)
at org.testng.AssertJUnit.assertEquals(AssertJUnit.java:125)
at org.latiffsyed.tests.android.LoginFormValidationTest.FormLogin_ErrorValidationFailedTest(LoginFormValidationTest.java:70)
at java.base/jdk.internal.reflect.DirectMethodHandleAccessor.invoke(DirectMethodHandleAccessor.java:103)
at java.base/java.lang.reflect.Method.invoke(Method.java:580)
at org.testng.internal.invokers.MethodInvocationHelper.invokeMethod(MethodInvocationHelper.java:141)
at org.testng.internal.invokers.TestInvoker.invokeMethod(TestInvoker.java:686)
at org.testng.internal.invokers.TestInvoker.invokeTestMethod(TestInvoker.java:230)
at org.testng.internal.invokers.MethodRunner.runInSequence(MethodRunner.java:63)
at org.testng.internal.invokers.TestInvoker$MethodInvocationAgent.invoke(TestInvoker.java:992)
at org.testng.internal.invokers.TestInvoker.invokeTestMethods(TestInvoker.java:203)
at org.testng.internal.invokers.TestMethodWorker.invokeTestMethods(TestMethodWorker.java:154)
at org.testng.internal.invokers.TestMethodWorker.run(TestMethodWorker.java:134)
at java.base/java.util.ArrayList.forEach(ArrayList.java:1596)
at org.testng.TestRunner.privateRun(TestRunner.java:739)
at org.testng.TestRunner.run(TestRunner.java:614)
at org.testng.SuiteRunner.runTest(SuiteRunner.java:421)
at org.testng.SuiteRunner.runSequentially(SuiteRunner.java:413)
at org.testng.SuiteRunner.privateRun(SuiteRunner.java:373)
at org.testng.SuiteRunner.run(SuiteRunner.java:312)
at org.testng.SuiteRunnerWorker.runSuite(SuiteRunnerWorker.java:52)
at org.testng.SuiteRunnerWorker.run(SuiteRunnerWorker.java:95)
at org.testng.TestNG.runSuitesSequentially(TestNG.java:1274)
at org.testng.TestNG.runSuitesLocally(TestNG.java:1208)
at org.testng.TestNG.runSuites(TestNG.java:1112)
at org.testng.TestNG.run(TestNG.java:1079)
at org.testng.remote.AbstractRemoteTestNG.run(AbstractRemoteTestNG.java:115)
at org.testng.remote.RemoteTestNG.initAndRun(RemoteTestNG.java:293)
at org.testng.remote.RemoteTestNG.main(RemoteTestNG.java:91)
]]>
            </full-stacktrace>
          </exception> <!-- java.lang.AssertionError -->
          <reporter-output>
          </reporter-output>
        </test-method> <!-- FormLogin_ErrorValidationFailedTest -->
        <test-method is-config="true" signature="preSetup()[pri:0, instance:org.latiffsyed.tests.android.LoginFormValidationTest@638ef7ed]" started-at="2025-07-22T16:54:22 EDT" name="preSetup" finished-at="2025-07-22T16:54:22 EDT" duration-ms="48" status="PASS">
          <reporter-output>
          </reporter-output>
        </test-method> <!-- preSetup -->
        <test-method signature="FormLogin_ErrorValidationTest()[pri:0, instance:org.latiffsyed.tests.android.LoginFormValidationTest@638ef7ed]" started-at="2025-07-22T16:54:22 EDT" name="FormLogin_ErrorValidationTest" finished-at="2025-07-22T16:54:28 EDT" duration-ms="5411" status="PASS">
          <reporter-output>
          </reporter-output>
        </test-method> <!-- FormLogin_ErrorValidationTest -->
        <test-method is-config="true" signature="preSetup()[pri:0, instance:org.latiffsyed.tests.android.LoginFormValidationTest@638ef7ed]" started-at="2025-07-22T16:54:28 EDT" name="preSetup" finished-at="2025-07-22T16:54:28 EDT" duration-ms="54" status="PASS">
          <reporter-output>
          </reporter-output>
        </test-method> <!-- preSetup -->
        <test-method signature="FormLogin_PositiveFlowTest()[pri:0, instance:org.latiffsyed.tests.android.LoginFormValidationTest@638ef7ed]" started-at="2025-07-22T16:54:28 EDT" name="FormLogin_PositiveFlowTest" finished-at="2025-07-22T16:54:41 EDT" duration-ms="13520" status="PASS">
          <reporter-output>
          </reporter-output>
        </test-method> <!-- FormLogin_PositiveFlowTest -->
        <test-method is-config="true" signature="tearDown()[pri:0, instance:org.latiffsyed.tests.android.LoginFormValidationTest@638ef7ed]" started-at="2025-07-22T16:54:41 EDT" name="tearDown" finished-at="2025-07-22T16:54:41 EDT" duration-ms="201" status="PASS">
          <reporter-output>
          </reporter-output>
        </test-method> <!-- tearDown -->
      </class> <!-- org.latiffsyed.tests.android.LoginFormValidationTest -->
    </test> <!-- Login Negative and Positive Tests -->
    <test started-at="2025-07-22T16:54:42 EDT" name=" iOS Alert Handling Test" finished-at="2025-07-22T16:54:52 EDT" duration-ms="10772">
      <class name="org.latiffsyed.tests.iOS.AlertViewMessageValidationTest">
        <test-method is-config="true" signature="configureAppium()[pri:0, instance:org.latiffsyed.tests.iOS.AlertViewMessageValidationTest@81d9a72]" started-at="2025-07-22T16:54:42 EDT" name="configureAppium" finished-at="2025-07-22T16:54:46 EDT" duration-ms="4842" status="PASS">
          <reporter-output>
          </reporter-output>
        </test-method> <!-- configureAppium -->
        <test-method signature="ValidateiOSAlertMessageTest()[pri:0, instance:org.latiffsyed.tests.iOS.AlertViewMessageValidationTest@81d9a72]" started-at="2025-07-22T16:54:46 EDT" name="ValidateiOSAlertMessageTest" finished-at="2025-07-22T16:54:51 EDT" duration-ms="4788" status="PASS">
          <reporter-output>
          </reporter-output>
        </test-method> <!-- ValidateiOSAlertMessageTest -->
        <test-method is-config="true" signature="tearDown()[pri:0, instance:org.latiffsyed.tests.iOS.AlertViewMessageValidationTest@81d9a72]" started-at="2025-07-22T16:54:51 EDT" name="tearDown" finished-at="2025-07-22T16:54:52 EDT" duration-ms="1135" status="PASS">
          <reporter-output>
          </reporter-output>
        </test-method> <!-- tearDown -->
      </class> <!-- org.latiffsyed.tests.iOS.AlertViewMessageValidationTest -->
    </test> <!--  iOS Alert Handling Test -->
  </suite> <!-- EcommerceApp Test Suite -->
</testng-results>
